<?xml version="1.0" encoding="UTF-8"?>
<testng-results skipped="0" failed="0" total="1" passed="1">
  <reporter-output>
  </reporter-output>
  <suite name="Default suite" duration-ms="15744" started-at="2016-02-01T09:31:46Z" finished-at="2016-02-01T09:32:02Z">
    <groups>
    </groups>
    <test name="Default test" duration-ms="15744" started-at="2016-02-01T09:31:46Z" finished-at="2016-02-01T09:32:02Z">
      <class name="com.sewlenium.appium.ScreenShotTest">
        <test-method status="PASS" signature="setUp()[pri:0, instance:com.sewlenium.appium.ScreenShotTest@47d384ee]" name="setUp" is-config="true" duration-ms="7826" started-at="2016-02-01T15:01:46Z" finished-at="2016-02-01T15:01:54Z">
          <reporter-output>
          </reporter-output>
        </test-method> <!-- setUp -->
        <test-method status="PASS" signature="ScreenShot()[pri:0, instance:com.sewlenium.appium.ScreenShotTest@47d384ee]" name="ScreenShot" duration-ms="6870" started-at="2016-02-01T15:01:54Z" finished-at="2016-02-01T15:02:01Z">
          <reporter-output>
          </reporter-output>
        </test-method> <!-- ScreenShot -->
        <test-method status="PASS" signature="End()[pri:0, instance:com.sewlenium.appium.ScreenShotTest@47d384ee]" name="End" is-config="true" duration-ms="1031" started-at="2016-02-01T15:02:01Z" finished-at="2016-02-01T15:02:02Z">
          <reporter-output>
          </reporter-output>
        </test-method> <!-- End -->
      </class> <!-- com.sewlenium.appium.ScreenShotTest -->
    </test> <!-- Default test -->
  </suite> <!-- Default suite -->
</testng-results>
